-encoding
UTF-8
-showWeaveInfo
-source
1.8
-target
1.8
-classpath
/home/paripurna/.m2/repository/org/hibernate/hibernate-core/5.1.10.Final/hibernate-core-5.1.10.Final.jar:/home/paripurna/.m2/repository/org/jboss/resteasy/resteasy-multipart-provider/3.0.11.Final/resteasy-multipart-provider-3.0.11.Final.jar:/home/paripurna/.m2/repository/org/eclipse/yasson/1.0.3/yasson-1.0.3.jar:/home/paripurna/.m2/repository/com/auth0/java-jwt/3.8.1/java-jwt-3.8.1.jar:/home/paripurna/.m2/repository/org/apache/poi/poi-ooxml/3.17/poi-ooxml-3.17.jar:/home/paripurna/.m2/repository/org/apache/commons/commons-lang3/3.8/commons-lang3-3.8.jar:/home/paripurna/.m2/repository/javax/mail/mail/1.5.0-b01/mail-1.5.0-b01.jar:/home/paripurna/.m2/repository/javax/enterprise/concurrent/javax.enterprise.concurrent-api/1.0/javax.enterprise.concurrent-api-1.0.jar:/home/paripurna/.m2/repository/javax/javaee-web-api/7.0/javaee-web-api-7.0.jar:/home/paripurna/.m2/repository/org/slf4j/slf4j-api/1.7.7/slf4j-api-1.7.7.jar:/home/paripurna/.m2/repository/com/fasterxml/jackson/core/jackson-databind/2.7.4/jackson-databind-2.7.4.jar:/home/paripurna/.m2/repository/org/apache/shiro/shiro-core/1.3.2/shiro-core-1.3.2.jar:/home/paripurna/.m2/repository/org/apache/shiro/shiro-web/1.3.2/shiro-web-1.3.2.jar:/home/paripurna/.m2/repository/org/apache/shiro/shiro-aspectj/1.3.2/shiro-aspectj-1.3.2.jar:/home/paripurna/.m2/repository/com/panemu/panemu-search/1.8/panemu-search-1.8.jar:/home/paripurna/.m2/repository/junit/junit/4.12/junit-4.12.jar:/home/paripurna/.m2/repository/org/hamcrest/hamcrest-core/1.3/hamcrest-core-1.3.jar:/home/paripurna/.m2/repository/org/apache/pdfbox/pdfbox/2.0.16/pdfbox-2.0.16.jar:/home/paripurna/.m2/repository/com/google/zxing/javase/3.4.0/javase-3.4.0.jar:/home/paripurna/.m2/repository/org/jboss/logging/jboss-logging/3.3.0.Final/jboss-logging-3.3.0.Final.jar:/home/paripurna/.m2/repository/org/hibernate/javax/persistence/hibernate-jpa-2.1-api/1.0.0.Final/hibernate-jpa-2.1-api-1.0.0.Final.jar:/home/paripurna/.m2/repository/org/javassist/javassist/3.20.0-GA/javassist-3.20.0-GA.jar:/home/paripurna/.m2/repository/antlr/antlr/2.7.7/antlr-2.7.7.jar:/home/paripurna/.m2/repository/org/apache/geronimo/specs/geronimo-jta_1.1_spec/1.1.1/geronimo-jta_1.1_spec-1.1.1.jar:/home/paripurna/.m2/repository/org/jboss/jandex/2.0.3.Final/jandex-2.0.3.Final.jar:/home/paripurna/.m2/repository/com/fasterxml/classmate/1.3.0/classmate-1.3.0.jar:/home/paripurna/.m2/repository/dom4j/dom4j/1.6.1/dom4j-1.6.1.jar:/home/paripurna/.m2/repository/xml-apis/xml-apis/1.0.b2/xml-apis-1.0.b2.jar:/home/paripurna/.m2/repository/org/hibernate/common/hibernate-commons-annotations/5.0.1.Final/hibernate-commons-annotations-5.0.1.Final.jar:/home/paripurna/.m2/repository/org/jboss/resteasy/resteasy-jaxrs/3.0.11.Final/resteasy-jaxrs-3.0.11.Final.jar:/home/paripurna/.m2/repository/org/jboss/resteasy/jaxrs-api/3.0.11.Final/jaxrs-api-3.0.11.Final.jar:/home/paripurna/.m2/repository/org/jboss/spec/javax/annotation/jboss-annotations-api_1.1_spec/1.0.1.Final/jboss-annotations-api_1.1_spec-1.0.1.Final.jar:/home/paripurna/.m2/repository/org/apache/httpcomponents/httpclient/4.2.6/httpclient-4.2.6.jar:/home/paripurna/.m2/repository/org/apache/httpcomponents/httpcore/4.2.5/httpcore-4.2.5.jar:/home/paripurna/.m2/repository/commons-io/commons-io/2.1/commons-io-2.1.jar:/home/paripurna/.m2/repository/net/jcip/jcip-annotations/1.0/jcip-annotations-1.0.jar:/home/paripurna/.m2/repository/org/jboss/resteasy/resteasy-client/3.0.11.Final/resteasy-client-3.0.11.Final.jar:/home/paripurna/.m2/repository/org/jboss/resteasy/resteasy-jaxb-provider/3.0.11.Final/resteasy-jaxb-provider-3.0.11.Final.jar:/home/paripurna/.m2/repository/com/sun/xml/bind/jaxb-impl/2.2.7/jaxb-impl-2.2.7.jar:/home/paripurna/.m2/repository/com/sun/xml/bind/jaxb-core/2.2.7/jaxb-core-2.2.7.jar:/home/paripurna/.m2/repository/javax/xml/bind/jaxb-api/2.2.7/jaxb-api-2.2.7.jar:/home/paripurna/.m2/repository/com/sun/istack/istack-commons-runtime/2.16/istack-commons-runtime-2.16.jar:/home/paripurna/.m2/repository/com/sun/xml/fastinfoset/FastInfoset/1.2.12/FastInfoset-1.2.12.jar:/home/paripurna/.m2/repository/javax/xml/bind/jsr173_api/1.0/jsr173_api-1.0.jar:/home/paripurna/.m2/repository/org/apache/james/apache-mime4j/0.6/apache-mime4j-0.6.jar:/home/paripurna/.m2/repository/jakarta/json/bind/jakarta.json.bind-api/1.0.1/jakarta.json.bind-api-1.0.1.jar:/home/paripurna/.m2/repository/jakarta/json/jakarta.json-api/1.1.5/jakarta.json-api-1.1.5.jar:/home/paripurna/.m2/repository/commons-codec/commons-codec/1.12/commons-codec-1.12.jar:/home/paripurna/.m2/repository/org/apache/poi/poi/3.17/poi-3.17.jar:/home/paripurna/.m2/repository/org/apache/commons/commons-collections4/4.1/commons-collections4-4.1.jar:/home/paripurna/.m2/repository/org/apache/poi/poi-ooxml-schemas/3.17/poi-ooxml-schemas-3.17.jar:/home/paripurna/.m2/repository/org/apache/xmlbeans/xmlbeans/2.6.0/xmlbeans-2.6.0.jar:/home/paripurna/.m2/repository/stax/stax-api/1.0.1/stax-api-1.0.1.jar:/home/paripurna/.m2/repository/com/github/virtuald/curvesapi/1.04/curvesapi-1.04.jar:/home/paripurna/.m2/repository/javax/activation/activation/1.1/activation-1.1.jar:/home/paripurna/.m2/repository/com/fasterxml/jackson/core/jackson-annotations/2.7.0/jackson-annotations-2.7.0.jar:/home/paripurna/.m2/repository/com/fasterxml/jackson/core/jackson-core/2.7.4/jackson-core-2.7.4.jar:/home/paripurna/.m2/repository/commons-beanutils/commons-beanutils/1.8.3/commons-beanutils-1.8.3.jar:/home/paripurna/.m2/repository/org/aspectj/aspectjrt/1.8.6/aspectjrt-1.8.6.jar:/home/paripurna/.m2/repository/org/aspectj/aspectjweaver/1.8.6/aspectjweaver-1.8.6.jar:/home/paripurna/.m2/repository/org/apache/pdfbox/fontbox/2.0.16/fontbox-2.0.16.jar:/home/paripurna/.m2/repository/commons-logging/commons-logging/1.2/commons-logging-1.2.jar:/home/paripurna/.m2/repository/com/google/zxing/core/3.4.0/core-3.4.0.jar:/home/paripurna/.m2/repository/com/beust/jcommander/1.72/jcommander-1.72.jar:/home/paripurna/NetBeansProjects/TiketIndo/tiketIndo-server/target/classes
-aspectpath
/home/paripurna/.m2/repository/org/apache/shiro/shiro-aspectj/1.3.2/shiro-aspectj-1.3.2.jar
-d
/home/paripurna/NetBeansProjects/TiketIndo/tiketIndo-server/target/classes
/home/paripurna/NetBeansProjects/TiketIndo/tiketIndo-server/src/main/java/com/panemu/tiketIndo/dto/DtoSellingListReseller.java
/home/paripurna/NetBeansProjects/TiketIndo/tiketIndo-server/src/main/java/com/panemu/tiketIndo/dto/DtoBookTicket.java
/home/paripurna/NetBeansProjects/TiketIndo/tiketIndo-server/src/main/java/com/panemu/tiketIndo/dto/DtoConfirm.java
/home/paripurna/NetBeansProjects/TiketIndo/tiketIndo-server/src/main/java/com/panemu/tiketIndo/dto/DtoCountAge.java
/home/paripurna/NetBeansProjects/TiketIndo/tiketIndo-server/src/main/java/com/panemu/tiketIndo/dto/DtoVisitorEntered.java
/home/paripurna/NetBeansProjects/TiketIndo/tiketIndo-server/src/main/java/com/panemu/tiketIndo/dto/DtoPasswordTemplate.java
/home/paripurna/NetBeansProjects/TiketIndo/tiketIndo-server/src/main/java/com/panemu/tiketIndo/dto/DtoExcel.java
/home/paripurna/NetBeansProjects/TiketIndo/tiketIndo-server/src/main/java/com/panemu/tiketIndo/dto/DtoUserTemplate.java
/home/paripurna/NetBeansProjects/TiketIndo/tiketIndo-server/src/main/java/com/panemu/tiketIndo/dto/DtoCountryData.java
/home/paripurna/NetBeansProjects/TiketIndo/tiketIndo-server/src/main/java/com/panemu/tiketIndo/dto/DtoRole.java
/home/paripurna/NetBeansProjects/TiketIndo/tiketIndo-server/src/main/java/com/panemu/tiketIndo/dto/DtoProvinsi.java
/home/paripurna/NetBeansProjects/TiketIndo/tiketIndo-server/src/main/java/com/panemu/tiketIndo/dto/DtoTicketDtl.java
/home/paripurna/NetBeansProjects/TiketIndo/tiketIndo-server/src/main/java/com/panemu/tiketIndo/dto/DtoVenueMaint.java
/home/paripurna/NetBeansProjects/TiketIndo/tiketIndo-server/src/main/java/com/panemu/tiketIndo/dto/DtoSellingList.java
/home/paripurna/NetBeansProjects/TiketIndo/tiketIndo-server/src/main/java/com/panemu/tiketIndo/dto/DtoKota.java
/home/paripurna/NetBeansProjects/TiketIndo/tiketIndo-server/src/main/java/com/panemu/tiketIndo/dto/DtoCountryOption.java
/home/paripurna/NetBeansProjects/TiketIndo/tiketIndo-server/src/main/java/com/panemu/tiketIndo/dto/DtoUserList.java
/home/paripurna/NetBeansProjects/TiketIndo/tiketIndo-server/src/main/java/com/panemu/tiketIndo/dto/DtoAuth.java
/home/paripurna/NetBeansProjects/TiketIndo/tiketIndo-server/src/main/java/com/panemu/tiketIndo/dto/DtoCity.java
/home/paripurna/NetBeansProjects/TiketIndo/tiketIndo-server/src/main/java/com/panemu/tiketIndo/dto/DtoRole2.java
/home/paripurna/NetBeansProjects/TiketIndo/tiketIndo-server/src/main/java/com/panemu/tiketIndo/dto/DtoTicketMaint.java
/home/paripurna/NetBeansProjects/TiketIndo/tiketIndo-server/src/main/java/com/panemu/tiketIndo/dto/DtoLogin.java
/home/paripurna/NetBeansProjects/TiketIndo/tiketIndo-server/src/main/java/com/panemu/tiketIndo/dto/DtoCountKota.java
/home/paripurna/NetBeansProjects/TiketIndo/tiketIndo-server/src/main/java/com/panemu/tiketIndo/common/TableData.java
/home/paripurna/NetBeansProjects/TiketIndo/tiketIndo-server/src/main/java/com/panemu/tiketIndo/common/TeamoMgmtUtil.java
/home/paripurna/NetBeansProjects/TiketIndo/tiketIndo-server/src/main/java/com/panemu/tiketIndo/common/JwtFilter.java
/home/paripurna/NetBeansProjects/TiketIndo/tiketIndo-server/src/main/java/com/panemu/tiketIndo/common/JsonbContextResolver.java
/home/paripurna/NetBeansProjects/TiketIndo/tiketIndo-server/src/main/java/com/panemu/tiketIndo/common/CustomCredentialsMatcher.java
/home/paripurna/NetBeansProjects/TiketIndo/tiketIndo-server/src/main/java/com/panemu/tiketIndo/common/JwtToken.java
/home/paripurna/NetBeansProjects/TiketIndo/tiketIndo-server/src/main/java/com/panemu/tiketIndo/common/CustomDateSerializer.java
/home/paripurna/NetBeansProjects/TiketIndo/tiketIndo-server/src/main/java/com/panemu/tiketIndo/common/CustomDateDeserializer.java
/home/paripurna/NetBeansProjects/TiketIndo/tiketIndo-server/src/main/java/com/panemu/tiketIndo/common/SaltedJdbcRealm.java
/home/paripurna/NetBeansProjects/TiketIndo/tiketIndo-server/src/main/java/com/panemu/tiketIndo/common/JwtUtil.java
/home/paripurna/NetBeansProjects/TiketIndo/tiketIndo-server/src/main/java/com/panemu/tiketIndo/common/CommonUtil.java
/home/paripurna/NetBeansProjects/TiketIndo/tiketIndo-server/src/main/java/com/panemu/tiketIndo/common/ExcelHeaderColumn.java
/home/paripurna/NetBeansProjects/TiketIndo/tiketIndo-server/src/main/java/com/panemu/tiketIndo/rcd/MemberSetting.java
/home/paripurna/NetBeansProjects/TiketIndo/tiketIndo-server/src/main/java/com/panemu/tiketIndo/rcd/Member.java
/home/paripurna/NetBeansProjects/TiketIndo/tiketIndo-server/src/main/java/com/panemu/tiketIndo/rcd/City.java
/home/paripurna/NetBeansProjects/TiketIndo/tiketIndo-server/src/main/java/com/panemu/tiketIndo/rcd/Setting.java
/home/paripurna/NetBeansProjects/TiketIndo/tiketIndo-server/src/main/java/com/panemu/tiketIndo/rcd/Confirmasi.java
/home/paripurna/NetBeansProjects/TiketIndo/tiketIndo-server/src/main/java/com/panemu/tiketIndo/rcd/BookTicket.java
/home/paripurna/NetBeansProjects/TiketIndo/tiketIndo-server/src/main/java/com/panemu/tiketIndo/rcd/DiscountTicket.java
/home/paripurna/NetBeansProjects/TiketIndo/tiketIndo-server/src/main/java/com/panemu/tiketIndo/rcd/Permission.java
/home/paripurna/NetBeansProjects/TiketIndo/tiketIndo-server/src/main/java/com/panemu/tiketIndo/rcd/CountryData.java
/home/paripurna/NetBeansProjects/TiketIndo/tiketIndo-server/src/main/java/com/panemu/tiketIndo/rcd/TransferCode.java
/home/paripurna/NetBeansProjects/TiketIndo/tiketIndo-server/src/main/java/com/panemu/tiketIndo/rcd/Kota.java
/home/paripurna/NetBeansProjects/TiketIndo/tiketIndo-server/src/main/java/com/panemu/tiketIndo/rcd/VenueMaint.java
/home/paripurna/NetBeansProjects/TiketIndo/tiketIndo-server/src/main/java/com/panemu/tiketIndo/rcd/LogSystem.java
/home/paripurna/NetBeansProjects/TiketIndo/tiketIndo-server/src/main/java/com/panemu/tiketIndo/rcd/TicketDtl.java
/home/paripurna/NetBeansProjects/TiketIndo/tiketIndo-server/src/main/java/com/panemu/tiketIndo/rcd/Provinsi.java
/home/paripurna/NetBeansProjects/TiketIndo/tiketIndo-server/src/main/java/com/panemu/tiketIndo/rcd/TicketMaint.java
/home/paripurna/NetBeansProjects/TiketIndo/tiketIndo-server/src/main/java/com/panemu/tiketIndo/rcd/Role.java
/home/paripurna/NetBeansProjects/TiketIndo/tiketIndo-server/src/main/java/com/panemu/tiketIndo/error/ErrorCode.java
/home/paripurna/NetBeansProjects/TiketIndo/tiketIndo-server/src/main/java/com/panemu/tiketIndo/error/ErrorEntity.java
/home/paripurna/NetBeansProjects/TiketIndo/tiketIndo-server/src/main/java/com/panemu/tiketIndo/error/AuthorizationExceptionMapper.java
/home/paripurna/NetBeansProjects/TiketIndo/tiketIndo-server/src/main/java/com/panemu/tiketIndo/error/KnownException.java
/home/paripurna/NetBeansProjects/TiketIndo/tiketIndo-server/src/main/java/com/panemu/tiketIndo/error/DatabaseExceptionMapper.java
/home/paripurna/NetBeansProjects/TiketIndo/tiketIndo-server/src/main/java/com/panemu/tiketIndo/error/FileNotFoundExceptionMapper.java
/home/paripurna/NetBeansProjects/TiketIndo/tiketIndo-server/src/main/java/com/panemu/tiketIndo/error/GeneralException.java
/home/paripurna/NetBeansProjects/TiketIndo/tiketIndo-server/src/main/java/com/panemu/tiketIndo/rpt/RptTicketDetail.java
/home/paripurna/NetBeansProjects/TiketIndo/tiketIndo-server/src/main/java/com/panemu/tiketIndo/rpt/RptBookTicket.java
/home/paripurna/NetBeansProjects/TiketIndo/tiketIndo-server/src/main/java/com/panemu/tiketIndo/rpt/RptAbstractXlsx.java
/home/paripurna/NetBeansProjects/TiketIndo/tiketIndo-server/src/main/java/com/panemu/tiketIndo/rpt/RptCountryList.java
/home/paripurna/NetBeansProjects/TiketIndo/tiketIndo-server/src/main/java/com/panemu/tiketIndo/rpt/RptTiketPdf.java
/home/paripurna/NetBeansProjects/TiketIndo/tiketIndo-server/src/main/java/com/panemu/tiketIndo/rpt/RptRoleList.java
/home/paripurna/NetBeansProjects/TiketIndo/tiketIndo-server/src/main/java/com/panemu/tiketIndo/rpt/RptCityList.java
/home/paripurna/NetBeansProjects/TiketIndo/tiketIndo-server/src/main/java/com/panemu/tiketIndo/rpt/ExcelHeaderColumn.java
/home/paripurna/NetBeansProjects/TiketIndo/tiketIndo-server/src/main/java/com/panemu/tiketIndo/rpt/RptUserList.java
/home/paripurna/NetBeansProjects/TiketIndo/tiketIndo-server/src/main/java/com/panemu/tiketIndo/srv/SrvVenueMaint.java
/home/paripurna/NetBeansProjects/TiketIndo/tiketIndo-server/src/main/java/com/panemu/tiketIndo/srv/SrvLogSystem.java
/home/paripurna/NetBeansProjects/TiketIndo/tiketIndo-server/src/main/java/com/panemu/tiketIndo/srv/SrvTicketDtl.java
/home/paripurna/NetBeansProjects/TiketIndo/tiketIndo-server/src/main/java/com/panemu/tiketIndo/srv/SrvSetting.java
/home/paripurna/NetBeansProjects/TiketIndo/tiketIndo-server/src/main/java/com/panemu/tiketIndo/srv/SrvProvinsi.java
/home/paripurna/NetBeansProjects/TiketIndo/tiketIndo-server/src/main/java/com/panemu/tiketIndo/srv/SrvDiscountTicket.java
/home/paripurna/NetBeansProjects/TiketIndo/tiketIndo-server/src/main/java/com/panemu/tiketIndo/srv/SrvKota.java
/home/paripurna/NetBeansProjects/TiketIndo/tiketIndo-server/src/main/java/com/panemu/tiketIndo/srv/SrvMember.java
/home/paripurna/NetBeansProjects/TiketIndo/tiketIndo-server/src/main/java/com/panemu/tiketIndo/srv/SrvTransferCode.java
/home/paripurna/NetBeansProjects/TiketIndo/tiketIndo-server/src/main/java/com/panemu/tiketIndo/srv/SrvBookTicket.java
/home/paripurna/NetBeansProjects/TiketIndo/tiketIndo-server/src/main/java/com/panemu/tiketIndo/srv/SrvAuth.java
/home/paripurna/NetBeansProjects/TiketIndo/tiketIndo-server/src/main/java/com/panemu/tiketIndo/srv/SrvConfirm.java
/home/paripurna/NetBeansProjects/TiketIndo/tiketIndo-server/src/main/java/com/panemu/tiketIndo/srv/SrvTicketMaint.java
/home/paripurna/NetBeansProjects/TiketIndo/tiketIndo-server/src/main/java/com/panemu/tiketIndo/srv/SrvBase.java
/home/paripurna/NetBeansProjects/TiketIndo/tiketIndo-server/src/main/java/com/panemu/tiketIndo/srv/SrvCountry.java
/home/paripurna/NetBeansProjects/TiketIndo/tiketIndo-server/src/main/java/com/panemu/tiketIndo/srv/SrvMemberSetting.java
/home/paripurna/NetBeansProjects/TiketIndo/tiketIndo-server/src/main/java/com/panemu/tiketIndo/srv/SrvCity.java
/home/paripurna/NetBeansProjects/TiketIndo/tiketIndo-server/src/main/java/com/panemu/tiketIndo/ws/WsDiscountTIcket.java
/home/paripurna/NetBeansProjects/TiketIndo/tiketIndo-server/src/main/java/com/panemu/tiketIndo/ws/WsBookTicket.java
/home/paripurna/NetBeansProjects/TiketIndo/tiketIndo-server/src/main/java/com/panemu/tiketIndo/ws/ApplicationConfig.java
/home/paripurna/NetBeansProjects/TiketIndo/tiketIndo-server/src/main/java/com/panemu/tiketIndo/ws/WsCity.java
/home/paripurna/NetBeansProjects/TiketIndo/tiketIndo-server/src/main/java/com/panemu/tiketIndo/ws/CORSFilter.java
/home/paripurna/NetBeansProjects/TiketIndo/tiketIndo-server/src/main/java/com/panemu/tiketIndo/ws/WsTicketMaint.java
/home/paripurna/NetBeansProjects/TiketIndo/tiketIndo-server/src/main/java/com/panemu/tiketIndo/ws/EmailSender.java
/home/paripurna/NetBeansProjects/TiketIndo/tiketIndo-server/src/main/java/com/panemu/tiketIndo/ws/WsUser.java
/home/paripurna/NetBeansProjects/TiketIndo/tiketIndo-server/src/main/java/com/panemu/tiketIndo/ws/WsKota.java
/home/paripurna/NetBeansProjects/TiketIndo/tiketIndo-server/src/main/java/com/panemu/tiketIndo/ws/WsGenerate.java
/home/paripurna/NetBeansProjects/TiketIndo/tiketIndo-server/src/main/java/com/panemu/tiketIndo/ws/WsConfirm.java
/home/paripurna/NetBeansProjects/TiketIndo/tiketIndo-server/src/main/java/com/panemu/tiketIndo/ws/WsProvinsi.java
/home/paripurna/NetBeansProjects/TiketIndo/tiketIndo-server/src/main/java/com/panemu/tiketIndo/ws/WsRole.java
/home/paripurna/NetBeansProjects/TiketIndo/tiketIndo-server/src/main/java/com/panemu/tiketIndo/ws/WsSetting.java
/home/paripurna/NetBeansProjects/TiketIndo/tiketIndo-server/src/main/java/com/panemu/tiketIndo/ws/WsCountry.java
/home/paripurna/NetBeansProjects/TiketIndo/tiketIndo-server/src/main/java/com/panemu/tiketIndo/ws/WsVenueMaint.java
/home/paripurna/NetBeansProjects/TiketIndo/tiketIndo-server/src/main/java/com/panemu/tiketIndo/ws/WsAuth.java
/home/paripurna/NetBeansProjects/TiketIndo/tiketIndo-server/src/main/java/com/panemu/tiketIndo/ws/Application2Config.java
